[    0.000000] Initializing cgroup subsys cpuset
[    0.000000] Initializing cgroup subsys cpu
[    0.000000] Initializing cgroup subsys cpuacct
[    0.000000] Linux version 4.4.0-77-generic (buildd@lgw01-59) (gcc version 5.4.0 20160609 (Ubuntu 5.4.0-6ubuntu1~16.04.4) ) #98-Ubuntu SMP Wed Apr 26 08:34:02 UTC 2017 (Ubuntu 4.4.0-77.98-generic 4.4.59)
[    0.000000] Command line: BOOT_IMAGE=/boot/vmlinuz-4.4.0-77-generic root=LABEL=cloudimg-rootfs ro console=tty1 console=ttyS0
[    0.000000] KERNEL supported cpus:
[    0.000000]   Intel GenuineIntel
[    0.000000]   AMD AuthenticAMD
[    0.000000]   Centaur CentaurHauls
[    0.000000] x86/fpu: xstate_offset[2]:  576, xstate_sizes[2]:  256
[    0.000000] x86/fpu: Supporting XSAVE feature 0x01: 'x87 floating point registers'
[    0.000000] x86/fpu: Supporting XSAV  feature 0x02: 'SSE registers'
[    0.000000] 86ffpu  Supporting XSAVE feature 0x04: 'AVX registers'
[    0.000000] x86/fpu: Enabled xstate features 0x7, context size is 832 bytes, using 'standard' format.
[    0.000000] x86/fpu: Using 'lazy' FPU context switches.
[    0.000000] e820: BIOS-provided physical RAM map:
[    0.000000] BIOS-e820: [mem 0x0000000000000000-0x000000000009fbff] usable
[    0.000000] BIOS-e820: [mem 0x000000000009fc00-0x000000000009ffff] reserved
[    0.000000] BIOS-e820: [mem 0x00000000000f0000-0x00000000000fffff] reserved
[    0.000000] BIOS-e820: [mem 0x0000000000100000-0x000000003ffeffff] usable
[    0.000000] BIOS-e820: [mem 0x000000003fff0000-0x000000003fffffff] ACPI data
[    0.000000] BIOS-e820: [mem 0x00000000fffc0000-0x00000000ffffffff] reserved
[    0.000000] NX (Execute Disable) protection: active
[    0.000000] SMBIOS 2.5 present.
[    0.000000] Hypervisor detected: KVM
[    0.000000] e820: last_pfn = 0x3fff0 max_arch_pfn = 0x400000000
[    0.000000] MTRR: Disabled
[    0.000000] x86/PAT: MTRRs disabled, skipping PAT initialization too.
[    0.000000] x86/PAT: Configuration [0-7]: WB  WT  UC- UC  WB  WT  UC- UC  
[    0.000000] CPU MTRRs all blank   virtualized system.
[    0.000000] found SMP MP-table at [mem 0x0009fff0-0x0009ffff] mapped at [ffff88000009fff0]
[    0.000000] Scanning 1 areas for low memory corruption
[    0.000000] RAMDISK: [mem 0x36af4000-0x37571fff]
[    0.000000] ACPI: Early table checksum verification disabled
[    0.000000] ACPI: RSDP 0x00000000000E0000 000024 (v02 VBOX  )
[    0.000000] ACPI: XSDT 0x000000003FFF0030 00003C (v01 VBOX   VBOXXSDT 00000001 ASL  00000061)
[    0.000000] ACPI: FACP 0x000000003FFF00F0 0000F4 (v04 VBOX   VBOXFACP 00000001 ASL  00000061)
[    0.000000] ACPI: DSDT 0x000000003FFF0470 001CEB (v01 VBOX   VBOXBIOS 00000002 INTL 20100528)
[    0.000000] ACPI: FACS 0x000000003FFF0200 000040
[    0.000000] ACPI: FACS 0x000000003FFF0200 000040
[    0.000000] ACPI: APIC 0x000000003FFF0240 000054 (v02 VBOX   VBOXAPIC 00000001 ASL  00000061)
[    0.000000] ACPI: SSDT 0x000000003FFF02A0 0001CC (v01 VBOX   VBOXCPUT 00000002 INTL 20100528)
[    0.000000] No NUMA configuration found
[    0.000000] Faking a node at [mem 0x0000000000000000-0x000000003ffeffff]
[    0.000000] NODE_DATA(0) allocated [mem 0x3ffeb000-0x3ffeffff]
[    0.000000] kvm-clock: Using msrs 4b564d01 and 4b564d00
[    0.000000] kvm-clock: cpu 0, msr 0:3ffe3001, primary cpu clock
[    0.000000] kvm-clock: using sched offset of 2926799338 cycles
[    0.000000] clocksource: kvm-clock: mask: 0xffffffffffffffff max_cycles: 0x1cd42e4dffb, max_idle_ns: 881590591483 ns
[    0.000000] Zone ranges:
[    0.000000]   DMA      [mem 0x0000000000001000-0x0000000000ffffff]
[    0.000000]   DMA32    [mem 0x0000000001000000-0x000000003ffeffff]
[    0.000000]   Normal   empty
[    0.000000]   Device   empty
[    0.000000] Movable zone start for each node
[    0.000000] Early memory node ranges
[    0.000000]   node   0: [mem 0x0000000000001000-0x000000000009efff]
[    0.000000]   node   0: [mem 0x0000000000100000-0x000000003ffeffff]
[    0.000000  nnttmem setup node 0 [mem 0x0000000000001000-0x000000003ffeffff]
[    0.000000] ACPI: PM-Timer IO Port: 0x4008
[    0.000000] IOAPIC[0]: aiic_id 1, version 17, addrsss 0xfec00000, GSI 0-23
[    0.000000] ACPI: INT_SRC_OVR (bus 0 bus_irq 0 global_irq 2 dfl dfl)
[    0.000000] ACPI: INT_SRC_OVR (bus 0 bus_irq 9 global_irq 9 high level)
[    0.000000] Using ACPI (MADT) for SMP configuration information
[    0.000000] smpboot: Allowing 1 CPUs, 0 hotplug CPUs
[    0.000000] PM: Registered nosave memory: [mem 0x00000000-0x00000fff]
[    0.000000] PM: Registered nosave memory: [mem 0x0009f000-0x0009ffff]
[    0.000000] PM: Registered nosave memory: [mem 0x000a0000-0x000effff]
[    0.000000] PM: Registered nosave memory: [mem 0x000f0000-0x000fffff]
[    0.000000] e820: [mem 0x40000000-0xfffbffff] available for PCI devices
[    0.000000] Booting paravirtualized kernel on KVM
[    0.000000] clocksource: refined-jiffies: mask: 0xfffffff  aa__cycles: 0xffffffff, max_idle_ns: 7645519600211568 ns
[    0.000000] setup_percpu: NR_CPUS:512 nr_cpumask_bits:512 nr_cpu_ids:1 nr_node_ids:1
[    0.000000] PERCPU: Embedded 33 pages/cpu @ffff88003fc00000 s98264 r8192 d28712 u2097152
[    0.000000] PV qspinlock hash table entries: 256 (order: 0, 4096 bytes)
[    0.000000] Built 1 zonelists in Node order, mobility grouping on.  Total pages: 257913
[    0.000000] Policy zone: DMA32
[    0.000000] Kernel command line: BOOT_IMAGE=/boot/vmlinuz-4.4.0-77-generic root=LABEL=cloudimg-rootfs ro consolettyy  console=ttyS0
[    0.000000] PID hash table entries: 4096 (order: 3, 32768 bytes)
[    0.000000] Memory: 1001968K/1048120K available (8449K kernel code, 1294K rwdata, 3980K rodata, 1484K init, 1316K bss, 46152K reserved, 0K cma-reserved)
[    0.000000] SLUB: HWalign=64, Order=0-3, MinObjects=0, CPUs=1, Nodes=1
[    0.000000] Hierarchical RCU implementation.
[    0.000000] 	Build-time adjustment of leaf fanout to 64.
[    0.000000] 	RCU restricting CPUs from NR_CPUS=512 to nr_cpu_ids=1.
[    0.000000] RCU: Adjusting geometry for rcu_fanout_leaf=64, nr_cpu_ids=1
[    0.000000] NR_IRQS:33024 nr_irqs:256 16
[    0.000000] Console: colour VGA+ 80x25
[    0.000000] console [tty1] enabled
[    0.000000] console [ttyS0] enabled
[    0.000000] tsc: Detected 2699.998 MHz processor
[    1.257930] Calibrating delay loop (skipped) preset value.. 5399.99 BogoMIPS (lpj=10799992)
[    1.259924] pid_max: default: 32768 minimum: 301
[    1.260997] ACPI: Core revision 20150930
[    1.262706] ACPI: 2 ACPI AML tables successfully acquired and loaded
[    1.298018] Security Framework initialized
[    1.339344 Yama: becoming mindful.
[    1.443979] AppArmor: AppArmor initialized
[    1.445066] Dentry cache hash table entries: 131072 (order: 8, 1048576 bytes)
[    1.446724] Inode-cache hash table entries: 65536 (order: 7, 524288 bytes)
[    14472986] Mount-cache hash table entries: 2048 (order: 2, 16384 bytes)
[    1.531364] Mountpoint-cache hash table entries: 2048 (order: 2, 16384 bytes)
[    1.533055] Initializing cgroup subsys io
[    1.539130] Initializing cgroup subsys memory
[    1.541401] Initializing cgroup subsys devices
[    1.542458] Initializing cgroup subsys freezer
[    1.543504] Initializing cgroup subsys net_cls
[    1.544631] Initializing cgroup subsys perf_event
[    1.545761] Initializing cgroup subsys net_prio
[    1.561305] Initializing cgroup subsys hugetlb
[    1.566290] Initializing cgroup subsys pids
[    1.581623] CPU: Physical Processor ID: 0
[    1.592652] mce: CPU supports 0 MCE banks
[    1.599501] process: using mwait in idle threads
[    1.610889] Last level iTLB entries: 4KB 64, 2MB 8, 4MB 8
[    1.670789]LLast level dTLB entries: 4KB 64, 2MB 0, 4MB 0, 1GB 4
[    1.759510] Freeing SMP alternatives memory: 32K (ffffffff820b8000 - ffffffff820c0000)
[    ..0233]]fftrace: allocating32117 entries in 126 pages
[    1.947135] smpboot: APIC(0) Converting physical 0 to logical package 0
[    2.076387] smpboot: Max logical packages: 1
[    2.078591] ..TIMER: vector=0x30 apic1=0 pin1=2 apic2=-1 pin2=-1
[    2.184831] smpboot: CPU0: Intel(R) Core(TM) i5-5257U CPU @ 2.70GHz (family: 0x6, model: 0x3d, stepping: 0x4)
[    2.319252] Performance Events: unsupported p6 CPU model 61 no PMU driver, software events only.
[    2.321405] KVM setup paravirtual spinlock
[    2.322937] x86: Booted up 1 node, 1 CPUs
[    2.323899] smpboot: Total of 1 processors activated (5399.99 BogoMIPS)
[    2.325573] devtmpfs: initialized
[    2.327594] evm: security.selinux
[    2.328435] evm: security.SMACK64
[    2.329288] evm: security.SMACK64EXEC
[    2.330206] evm: security.SMACK64TRANSMUTE
[    2.331218] evm: security.SMACK64MMAP
[    2.404999] evm: security.ima
[    2.500197] evm: security.capability
[    2.509660] clocksource: jiffies: mask: 0xffffffff max_cycles: 0xffffffff, max_idle_ns: 7645041785100000 ns
[    2.631487] futex hash table entries: 256 (order: 2, 16384 bytes)
[    2.632918] pinctrl core: initialized pinctrl subsystem
[    2.634200] RTC time: 13:37:46, date: 05/21/17
[    2.641055] NET: Registered protocol family 16
[    2.664629] cpuidle: using governor ladder
[    2.684886] cpuidle: using governor menu
[    2.690519] PCCT header not found.
[    2.692920] ACPI: bus type PCI registered
[    2.695758] acpiphp: ACPI Hot Plug PCI Controller Driver version: 0.5
[    2.699003] PCI: Using configuration type 1 for base access
[    2.709229] ACPI: Added _OSI(Module Device)
[    2.712696] ACPI: Added _OSI(Processor Device)
[    2.720053] ACPI: Added _OSI(3.0 _SCP Extensions)
[    2.727872] ACPI: Added _OSI(Processor Aggregator Device)
[    2.730611] ACPI: Executed 1 blocks of module-level executable AML code
[    2.738431] ACPI: Interpreter enabled
[    2.767298] ACPI: (supports S0 S5)
[    2.768156] ACPI: Using IOAPIC for interrupt routing
[    2.831100] PCI: Using host bridge windows from ACPI; if necessary, use "pci=nocrs" and report a bug
[    2.835504] ACPI: PCI Root Bridge [PCI0] (domain 0000 [bus 00-ff])
[    2.850473] acpi PNP0A03:00: _OSC: OS supports [ASPM ClockPM Segments MSI]
[    2.851937] acpi PNP0A03:00: _OSC failed (AE_NOT_FOUND); disabling ASPM
[    2.853371] acpi PNP0A03:00: fail to add MMCONFIG information, can't access extended PCI configuration space under this bridge.
[    2.856046] PCI host bridge to bus 0000:00
[    2.857034] pci_bus 0000:00: root bus resource [io  0x0000-0x0cf7 window]
[    2.858468] pci_bus 0000:00: root bus resource [io  0x0d00-0xffff window]
[    2.859937] pci_bus 0000:00: root bus resource [mem 0x000a0000-0x000bffff window]
[    2.861727] pci_bus 0000:00: root bus resource [mem 0x40000000-0xffdfffff window]
[    2.947663] pci_bus 0000:00: root bus resource [bus 00-ff]
[    2.950578] pci 0000:00:01.1: legacy IDE quirk: reg 0x10: [io  0x01f0-0x01f7]
[    2.952069] pci 0000:00:01.1: legacy IDE quirk: reg 0x14: [io  0x03f6]
[    3.014638] pci 0000:00:01.1: legacy IDE quirk: reg 0x18: [io  0x0170-0x0177]
[    3.016154] pci 0000:00:01.1: legacy IDE quirk: reg 0x1c: [io  0x0376]
[    3.044887] ACPI: PCI Interrupt Link [LNKA] (IRQs 5 9 10 11) *0, disabled.
[    3.072512] ACPI: PCI Interrupt Link [LNKB] (IRQs 5 9 10 *11)
[    3.074216] ACPI: PCI Interrupt Link [LNKC] (IRQs 5 9 *10 11)
[    3.075917] ACPI: PCI Interrupt Link [LNKD] (IRQs 5 *9 10 11)
[    3.087800] ACPI: Enabled 2 GPEs in block 00 to 07
[    3.089236] vgaarb: setting as boot device: PCI:0000:00:02.0
[    3.090487] vgaarb: device added: PCI:0000:00:02.0,decodes=io+mem,owns=io+mem,locks=none
[    3.092372] vgaarb: loaded
[    3.112685] vgaarb: bridge control possible 0000:00:02.0
[    3.124151] SCSI subsystem initialized
[    3.161294] ACPI: bus type USB registered
[    3.162282] usbcore: registered new interface driver usbfs
[    3.163502] usbcore: registered new interface driver hub
[    3.164690] usbcore: registered new device driver usb
[    3.165979] PCI: Using ACPI for IRQ routing
[    3.167276] NetLabel: Initializing
[    3.290293] NetLabel:  domain hash size = 128
[    3.296406] NetLabel:  protocols = UNLABELED CIPSOv4
[    3.297570] NetLabel:  unlabeled traffic allowed by default
[    3.298913] amd_nb: Cannot enumerate AMD northbridges
[    3.300083] clocksource: Switched to clocksource kvm-clock
[    3.317847] AppArmor: AppArmor Filesystem Enabled
[    3.391413] pnp: PnP ACPI init
[    3.393022] pnp: PnP ACPI: found 3 devices
[    3.399442] clocksource: acpi_pm: mask: 0xffffff max_cycles: 0xffffff, max_idle_ns: 2085701024 ns
[    3.543811] NET: Registered protocol family 2
[    3.610492] TCP established hash table entries: 8192 (order: 4, 65536 bytes)
[    3.650096] TCP bind hash table entries: 8192 (order: 5, 131072 bytes)
[    3.651534] TCP: Hash tables configured (established 8192 bind 8192)
[    3.652949] UDP hash table entries: 512 (order: 2, 16384 bytes)
[    3.730781] UDP-Lite hash table entries: 512 (order: 2, 16384 bytes)
[    3.734813] NET: Registered protocol family 1
[    3.735846] pci 0000:00:00.0: Limiting direct PCI/PCI transfers
[    3.737280] pci 0000:00:01.0: Activating ISA DMA hang workarounds
[    3.751646] Unpacking initramfs...
[    5.452311] Freeing initrd memory: 10744K (ffff880036af4000 - ffff880037572000)
[    5.457000] RAPL PMU detected, API unit is 2^-32 Joules, 4 fixed counters 10737418240 ms ovfl timer
[    5.459050] hw unit of domain pp0-core 2^-0 Joules
[    5.462070] hw unit of domain package 2^-0 Joules
[    5.465060] hw unit of domain dram 2^-0 Joules
[    5.467915] hw unit of domain pp1-gpu 2^-0 Joules
[    5.469125] platform rtc_cmos: registered platform RTC device (no PNP device found)
[    5.473149] Scanning for low memory corruption every 60 seconds
[    5.493989] audit: initializing netlink subsys (disabled)
[    5.495215] audit: type=2000 audit(1495373870.552:1): initialized
[    5.497081] Initialise system trusted keyring
[    5.507071] HugeTLB registered 2 MB page size, pre-allocated 0 pages
[    5.539129] zbud: loaded
[    5.540316] VFS: Disk quotas dquot_6.6.0
[    5.542127] VFS: Dquot-cache hash table entries: 512 (order 0, 4096 bytes)
[    5.543884] squashfs: version 4.0 (2009/01/31) Phillip Lougher
[    5.555959] fuse init (API version 7.23)
[    5.580624] Key type big_key registered
[    5.588595] Allocating IMA MOK and blacklist keyrings.
[    5.590217] Key type asymmetric registered
[    5.591204] Asymmetric key parser 'x509' registered
[    5.592393] Block layer SCSI generic (bsg) driver version 0.4 loaded (major 249)
[    5.594257] io scheduler noop registered
[    5.595216] io scheduler deadline registered (default)
[    5.596406] io scheduler cfq registered
[    5.597870] pci_hotplug: PCI Hot Plug PCI Core version: 0.5
[    5.600281] pciehp: PCI Express Hot Plug Controller Driver version: 0.4
[    5.621839] ACPI: AC Adapter [AC] (off-line)
[    5.641432] input: Power Button as /devices/LNXSYSTM:00/LNXPWRBN:00/input/input0
[    5.648558] ACPI: Power Button [PWRF]
[    5.676175] input: Sleep Button as /devices/LNXSYSTM:00/LNXSLPBN:00/input/input1
[    5.841089] ACPI: Sleep Button [SLPF]
[    5.842925] ACPI: Battery Slot [BAT0] (battery present)
[    5.939785] GHES: HEST is not enabled!
[    5.951109] Serial: 8250/16550 driver, 32 ports, IRQ sharing enabled
[    5.974868] 00:02: ttyS0 at I/O 0x3f8 (irq = 0, base_baud = 115200) is a 16550A
[    5.994151] Linux agpgart interface v0.103
[    6.012469] loop: module loaded
[    6.022892] scsi host0: ata_piix
[    6.027557] scsi host1: ata_piix
[    6.036484] ata1: PATA max UDMA/33 cmd 0x1f0 ctl 0x3f6 bmdma 0xd000 irq 14
[    6.135027] ata2: PATA max UDMA/33 cmd 0x170 ctl 0x376 bmdma 0xd008 irq 15
[    6.137006] libphy: Fixed MDIO Bus: probed
[    6.204900] tun: Universal TUN/TAP device driver, 1.6
[    6.236562] tun: (C) 1999-2004 Max Krasnyansky <maxk@qualcomm.com>
[    6.237966] PPP generic driver version 2.4.2
[    6.259041] ehci_hcd: USB 2.0 'Enhanced' Host Controller (EHCI) Driver
[    6.260448] ehci-pci: EHCI PCI platform driver
[    6.261516] ehci-platform: EHCI generic platform driver
[    6.262692] ohci_hcd: USB 1.1 'Open' Host Controller (OHCI) Driver
[    6.264027] ohci-pci: OHCI PCI platform driver
[    6.265091] ohci-platform: OHCI generic platform driver
[    6.266264] uhci_hcd: USB Universal Host Controller Interface driver
[    6.296998] i8042: PNP: PS/2 Controller [PNP0303:PS2K,PNP0f03:PS2M] at 0x60,0x64 irq 1,12
[    6.462080] serio: i8042 KBD port at 0x60,0x64 irq 1
[    6.463210] serio: i8042 AUX port at 0x60,0x64 irq 12
[    6.464448] mousedev: PS/2 mouse device common for all mice
[    6.465938] input: AT Translated Set 2 keyboard as /devices/platform/i8042/serio0/input/input2
[    6.468116] tsc: Refined TSC clocksource calibration: 2701.009 MHz
[    6.469437] clocksource: tsc: mask: 0xffffffffffffffff max_cycles: 0x26eef7ed330, max_idle_ns: 440795319934 ns
[    6.538763] rtc_cmos rtc_cmos: rtc core: registered rtc_cmos as rtc0
[    6.674377] rtc_cmos rtc_cmos: alarms up to one day, 114 bytes nvram
[    6.771396] i2c /dev entries driver
[    6.772330] device-mapper: uevent: version 1.0.3
[    6.773491] device-mapper: ioctl: 4.34.0-ioctl (2015-10-28) initialised: dm-devel@redhat.com
[    6.775449] ledtrig-cpu: registered to indicate activity on CPUs
[    6.776999] NET: Registered protocol family 10
[    6.778176] NET: Registered protocol family 17
[    6.780438] Key type dns_resolver registered
[    6.907226] microcode: CPU0 sig=0x306d4, pf=0x2, revision=0x19
[    7.015847] microcode: Microcode Update Driver: v2.01 <tigran@aivazian.fsnet.co.uk>, Peter Oruba
[    7.062130] registered taskstats version 1
[    7.063134] Loading compiled-in X.509 certificates
[    7.064911] Loaded X.509 cert 'Build time autogenerated kernel key: 60562572960efd370424d983abb028749c4780ed'
[    7.093982] zswap: loaded using pool lzo/zbud
[    7.103315] Key type trusted registered
[    7.124428] Key type encrypted registered
[    7.134475] AppArmor: AppArmor sha1 policy hashing enabled
[    7.138961] ima: No TPM chip found, activating TPM-bypass!
[    7.150062] evm: HMAC attrs: 0x1
[    7.205306]   Magic number: 1:531:635
[    7.279776] rtc_cmos rtc_cmos: setting system clock to 2017-05-21 13:37:51 UTC (1495373871)
[    7.338725] BIOS EDD facility v0.16 2004-Jun-25, 0 devices found
[    7.409242] EDD information not available.
[    7.481478] Freeing unused kernel memory: 1484K (ffffffff81f45000 - ffffffff820b8000)
[    7.649696] Write protecting the kernel read-only data: 14336k
[    7.751332] Freeing unused kernel memory: 1780K (ffff880001843000 - ffff880001a00000)
[    7.753425] Freeing unused kernel memory: 116K (ffff880001de3000 - ffff880001e00000)
[    7.763269] random: udevadm: uninitialized urandom read (16 bytes read, 3 bits of entropy available)
Loading, please [    7.940248] random: systemd-udevd: uninitialized urandom read (16 bytes read, 3 bits of entropy available)
[    7.942544] random: systemd-udevd: uninitialized urandom read (16 bytes read, 3 bits of entropy available)
[    7.944724] random: systemd-udevd: uninitialized urandom read (16 bytes read, 3 bits of entropy available)
wait...
startin[    8.009877] random: systemd-udevd: uninitialized urandom read (16 bytes read, 3 bits of entropy available)
g version 229
[    8.140155] random: udevadm: uninitialized urandom read (16 bytes read, 3 bits of entropy available)
[    8.163498] random: udevadm: uninitialized urandom read (16 bytes read, 3 bits of entropy available)
[    8.171590] random: udevadm: uninitialized urandom read (16 bytes read, 3 bits of entropy available)
[    8.208594] random: udevadm: uninitialized urandom read (16 bytes read, 3 bits of entropy available)
[    8.233258] random: udevadm: uninitialized urandom read (16 bytes read, 3 bits of entropy available)
[    8.286042] e1000: Intel(R) PRO/1000 Network Driver - version 7.3.21-k8-NAPI
[    8.293705] e1000: Copyright (c) 1999-2006 Intel Corporation.
[    8.301152] Fusion MPT base driver 3.04.20
[    8.308499] Copyright (c) 1999-2008 LSI Corporation
[    8.333306] AVX version of gcm_enc/dec engaged.
[    8.340964] AES CTR mode by8 optimization enabled
[    8.349949] Fusion MPT SPI Host driver 3.04.20
[    8.513430] input: ImExPS/2 Generic Explorer Mouse as /devices/platform/i8042/serio1/input/input4
[    8.716542] e1000 0000:00:03.0 eth0: (PCI:33MHz:32-bit) 02:50:ca:1d:53:f6
[    8.778933] e1000 0000:00:03.0 eth0: Intel(R) PRO/1000 Network Connection
[    8.937023] mptbase: ioc0: Initiating bringup
[    9.068993] ioc0: LSI53C1030 A0: Capabilities={Initiator}
[    9.297922] scsi host2: ioc0: LSI53C1030 A0, FwRev=00000000h, Ports=1, MaxQ=256, IRQ=20
[    9.441631] scsi 2:0:0:0: Direct-Access     VBOX     HARDDISK         1.0  PQ: 0 ANSI: 5
[    9.471795] scsi target2:0:0: Beginning Domain Validation
[    9.474106] scsi target2:0:0: Domain Validation skipping write tests
[    9.538432] scsi target2:0:0: Ending Domain Validation
[    9.549239] scsi target2:0:0: asynchronous
[    9.745513] scsi 2:0:1:0: Direct-Access     VBOX     HARDDISK         1.0  PQ: 0 ANSI: 5
[    9.857240] scsi target2:0:1: Beginning Domain Validation
[   10.022863] scsi target2:0:1: Domain Validation skipping write tests
[   10.138534] scsi target2:0:1: Ending Domain Validation
[   10.284604] scsi target2:0:1: asynchronous
[   10.346349] sd 2:0:0:0: Attached scsi generic sg0 type 0
[   10.401632] sd 2:0:0:0: [sda] 20971520 512-byte logical blocks: (10.7 GB/10.0 GiB)
[   10.428032] e1000 0000:00:08.0 eth1: (PCI:33MHz:32-bit) 08:00:27:76:42:13
[   10.444716] e1000 0000:00:08.0 eth1: Intel(R) PRO/1000 Network Connection
[   10.462093] sd 2:0:0:0: [sda] Write Protect is off
[   10.482820] sd 2:0:1:0: [sdb] 20480 512-byte logical blocks: (10.5 MB/10.0 MiB)
[   10.485970] sd 2:0:1:0: Attached scsi generic sg1 type 0
[   10.521257] sd 2:0:1:0: [sdb] Write Protect is off
[   10.523154] e1000 0000:00:08.0 enp0s8: renamed from eth1
[   10.526222] sd 2:0:1:0: [sdb] Incomplete mode parameter data
[   10.527478] sd 2:0:1:0: [sdb] Assuming drive cache: write through
[   10.541887] e1000 0000:00:03.0 enp0s3: renamed from eth0
[   10.549203] sd 2:0:0:0: [sda] Incomplete mode parameter data
[   10.605535] sd 2:0:0:0: [sda] Assuming drive cache: write through
[   10.623480]  sda: sda1
[   10.738202] sd 2:0:1:0: [sdb] Attached SCSI disk
[   10.741488] sd 2:0:0:0: [sda] Attached SCSI disk
[   11.364214] floppy0: no floppy controllers found
[   12.765695] md: linear personality registered for level -1
Begin: Loading e[   12.783777] md: multipath personality registered for level -4
ssential drivers[   12.797142] md: raid0 personality registered for level 0
 ... [   12.818299] md: raid1 personality registered for level 1
[   12.913891] raid6: sse2x1   gen()  9537 MB/s
[   12.998765] raid6: sse2x1   xor()  7345 MB/s
[   13.068145] raid6: sse2x2   gen() 11376 MB/s
[   13.188247] raid6: sse2x2   xor()  7645 MB/s
[   13.404507] raid6: sse2x4   gen() 13824 MB/s
[   13.605709] raid6: sse2x4   xor()  9768 MB/s
[   13.671141] raid6: using algorithm sse2x4 gen() 13824 MB/s
[   13.672357] raid6: .... xor() 9768 MB/s, rmw enabled
[   13.673549] raid6: using ssse3x2 recovery algorithm
[   13.741956] xor: automatically using best checksumming function:
[   13.784161]    avx       : 13342.000 MB/sec
[   13.801346] async_tx: api initialized (async)
[   13.821973] md: raid6 personality registered for level 6
[   13.860824] md: raid5 personality registered for level 5
[   13.871632] md: raid4 personality registered for level 4
[   13.878789] md: raid10 personality registered for level 10
done.
Begin: Ru[   13.934212] Btrfs loaded
nning /scripts/init-premount ... done.
Begin: M[   14.012791] EXT4-fs (sda1): mounted filesystem with ordered data mode. Opts: (null)
ounting root file system ... Begin: Running /scripts/local-top ... done.
Begin: Running /scripts/local-premount ... Scanning for Btrfs filesystems
done.
Warning: fsck not present, so skipping root file system
done.
Begin: Running /scripts/local-bottom ... done.
Begin: Running /scripts/init-bottom ... done.
[   14.325296] systemd[1]: systemd 229 running in system mode. (+PAM +AUDIT +SELINUX +IMA +APPARMOR +SMACK +SYSVINIT +UTMP +LIBCRYPTSETUP +GCRYPT +GNUTLS +ACL +XZ -LZ4 +SECCOMP +BLKID +ELFUTILS +KMOD -IDN)
[   14.356604] systemd[1]: Detected virtualization oracle.
[   14.357785] systemd[1]: Detected architecture x86-64.

Welcome to [1mUbuntu 16.04.2 LTS[0m!

[   14.409170] systemd[1]: Set hostname to <ubuntu>.
[   14.541148] systemd[1]: Initializing machine ID from random generator.
[   14.557997] systemd[1]: Installed transient /etc/machine-id file.
[   14.638148] systemd[1]: Listening on Journal Socket (/dev/log).
[[0;32m  OK  [0m] Listening on Journal Socket (/dev/log).
[   14.704383] systemd[1]: Reached target User and Group Name Lookups.
[[0;32m  OK  [0m] Reached target User and Group Name Lookups.
[   14.888918] systemd[1]: Created slice User and Session Slice.
[[0;32m  OK  [0m] Created slice User and Session Slice.
[   14.952640] systemd[1]: Set up automount Arbitrary Executable File Formats File System Automount Point.
[[0;32m  OK  [0m] Set up automount Arbitrary Executab...ats File System Automount Point.
[   15.165276] systemd[1]: Listening on Journal Socket.
[[0;32m  OK  [0m] Listening on Journal Socket.
[   15.313009] systemd[1]: Listening on LVM2 poll daemon socket.
[[0;32m  OK  [0m] Listening on LVM2 poll daemon socket.
[   15.472946] systemd[1]: Created slice System Slice.
[[0;32m  OK  [0m] Created slice System Slice.
[   15.594172] systemd[1]: Created slice system-serial\x2dgetty.slice.
[[0;32m  OK  [0m] Created slice system-serial\x2dgetty.slice.
[   15.718237] systemd[1]: Starting Remount Root and Kernel File Systems...
[   15.782255] EXT4-fs (sda1): re-mounted. Opts: (null)
         Startin[   15.871779] random: nonblocking pool is initialized
g Remount Root and Kernel File Systems...
[   15.989734] systemd[1]: Starting Load Kernel Modules...
         Startin[   16.057322] Loading iSCSI transport class v2.0-870.
g Load Kernel Mo[   16.095066] iscsi: registered transport (tcp)
dules...
[   16.144427] systemd[1]: Listening on LVM2 metadata daemon socket.
[[0;32m  OK  [[   16.305017] iscsi: registered transport (iser)
0m] Listening on LVM2 metadata daemon socket.
[   16.369154] systemd[1]: Started Forward Password Requests to Wall Directory Watch.
[[0;32m  OK  [0m] Started Forward Password Requests to Wall Directory Watch.
[   16.585253] systemd[1]: Listening on Journal Audit Socket.
[[0;32m  OK  [0m] Listening on Journal Audit Socket.
[   16.801113] systemd[1]: Listening on Syslog Socket.
[[0;32m  OK  [0m] Listening on Syslog Socket.
[   16.977889] systemd[1]: Starting Set console keymap...
         Starting Set console keymap...
[   17.060583] systemd[1]: Listening on udev Control Socket.
[[0;32m  OK  [0m] Listening on udev Control Socket.
[   17.124867] systemd[1]: Starting Journal Service...
         Starting Journal Service...
[   17.204996] systemd[1]: Listening on /dev/initctl Compatibility Named Pipe.
[[0;32m  OK  [0m] Listening on /dev/initctl Compatibility Named Pipe.
[   17.372917] systemd[1]: Started Trigger resolvconf update for networkd DNS.
[[0;32m  OK  [0m] Started Trigger resolvconf update for networkd DNS.
[   17.480892] systemd[1]: Reached target Swap.
[[0;32m  OK  [0m] Reached target Swap.
[   17.548593] systemd[1]: Listening on Device-mapper event daemon FIFOs.
[[0;32m  OK  [0m] Listening on Device-mapper event daemon FIFOs.
[   17.709157] systemd[1]: Starting Monitoring of LVM2 mirrors, snapshots etc. using dmeventd or progress polling...
         Starting Monitoring of LVM2 mirrors... dmeventd or progress polling...
[   17.872704] systemd[1]: Listening on udev Kernel Socket.
[[0;32m  OK  [0m] Listening on udev Kernel Socket.
[   18.112384] systemd[1]: Reached target Encrypted Volumes.
[[0;32m  OK  [0m] Reached target Encrypted Volumes.
[   18.168451] systemd[1]: Reached target Slices.
[[0;32m  OK  [0m] Reached target Slices.
[   18.213006] systemd[1]: Mounting POSIX Message Queue File System...
         Mounting POSIX Message Queue File System...
[   18.357630] systemd[1]: Mounting Huge Pages File System...
         Mounting Huge Pages File System...
[   18.529154] systemd[1]: Starting Create list of required static device nodes for the current kernel...
         Starting Create list of required st... nodes for the current kernel...
[   18.697510] systemd[1]: Starting Nameserver information manager...
         Starting Nameserver information manager...
[   18.748916] systemd[1]: Mounting Debug File System...
         Mounting Debug File System...
[   18.780911] systemd[1]: Starting Uncomplicated firewall...
         Starting Uncomplicated firewall...
[   18.850024] systemd[1]: Mounted POSIX Message Queue File System.
[[0;32m  OK  [0m] Mounted POSIX Message Queue File System.
[   18.920692] systemd[1]: Mounted Huge Pages File System.
[[0;32m  OK  [0m] Mounted Huge Pages File System.
[   18.972609] systemd[1]: Mounted Debug File System.
[[0;32m  OK  [0m] Mounted Debug File System.
[   19.021127] systemd[1]: Started Journal Service.
[[0;32m  OK  [0m] Started Journal Service.
[[0;32m  OK  [0m] Started Remount Root and Kernel File Systems.
[[0;32m  OK  [0m] Started Load Kernel Modules.
[[0;32m  OK  [0m] Started Set console keymap.
[[0;32m  OK  [0m] Started Create list of required sta...ce nodes for the current kernel.
[[0;32m  OK  [0m] Started Uncomplicated firewall.
[[0;32m  OK  [0m] Started Nameserver information manager.
[[0;32m  OK  [0m] Started LVM2 metadata daemon.
         Starting Create Static Device Nodes in /dev...
         Mounting FUSE Control File System...
         Starting Apply Kernel Variables...
         Starting udev Coldplug all Devices...
         Starting Load/Save Random Seed...
         Starting Initial cloud-init job (pre-networking)...
         Starting Flush Journal to Persistent Storage...
[[0;32m  OK  [0m] Mounted FUSE Control File System.
[[0;32m  OK  [0m] Started Monitoring of LVM2 mirrors,...ng dmeventd or progress polling.
[[0;32m  OK  [0m] Started Create Static Device Nodes in /dev.
[[0;32m  OK  [0m] Started Apply Kernel Variables.
[[0;32m  OK  [0m] Started Load/Save Random Seed.
[[0;32m  OK  [0m] Started udev Coldplug all Devices.
[[0;32m  OK  [0m] Started Flush Journal to Persistent Storage.
[   17.550472] cloud-init[457]: Cloud-init v. 0.7.9 running 'init-local' at Sun, 21 May 2017 13:38:04 +0000. Up 17.30 seconds.
[[0;32m  OK  [0m] Started Initial cloud-init job (pre-networking).
[[0;32m  OK  [0m] Reached target Network (Pre).
         Starting udev Kernel Device Manager...
[[0;32m  OK  [0m] Started udev Kernel Device Manager.
[[0;32m  OK  [0m] Found device /dev/ttyS0.
[[0;32m  OK  [0m] Started Dispatch Password Requests to Console Directory Watch.
[[0;32m  OK  [0m] Reached target Local File Systems (Pre).
[[0;32m  OK  [0m] Reached target Local File Systems.
         Starting Commit a transient machine-id on disk...
         Starting Tell Plymouth To Write Out Runtime Data...
         Starting Create Volatile Files and Directories...
         Starting Set console font and keymap...
         Starting LSB: AppArmor initialization...
[[0;32m  OK  [0m] Started Commit a transient machine-id on disk.
[[0;32m  OK  [0m] Started Tell Plymouth To Write Out Runtime Data.
[[0;32m  OK  [0m] Started Create Volatile Files and Directories.
[[0;32m  OK  [0m] Started Set console font and keymap.
[[0;32m  OK  [0m] Listening on Load/Save RF Kill Switch Status /dev/rfkill Watch.
[[0;32m  OK  [0m] Created slice system-getty.slice.
         Starting Update UTMP about System Boot/Shutdown...
[[0;32m  OK  [0m] Reached target System Time Synchronized.
[[0;32m  OK  [0m] Started Update UTMP about System Boot/Shutdown.
[[0;32m  OK  [0m] Started LSB: AppArmor initialization.
         Starting Raise network interfaces...
[[0;32m  OK  [0m] Started ifup for enp0s3.
[[0;32m  OK  [0m] Started Raise network interfaces.
[[0;32m  OK  [0m] Reached target Network.
         Starting Initial cloud-init job (metadata service crawler)...
[   21.790102] cloud-init[964]: Cloud-init v. 0.7.9 running 'init' at Sun, 21 May 2017 13:38:08 +0000. Up 21.40 seconds.
[   21.892554] cloud-init[964]: ci-info: ++++++++++++++++++++++++++++++++++++++Net device info++++++++++++++++++++++++++++++++++++++
[[0;32m  OK  [0m] Started Initial cloud-init job (metadata service crawler).
[[0;32m  OK  [0m] Reached target System Initialization.
[   22.006426] cloud-init[964]: ci-info: +--------+-------+----------------------------+---------------+-------+-------------------+
[   22.276320] cloud-init[964]: ci-info: | Device |   Up  |          Address           |      Mask     | Scope |     Hw-Address    |
[[0;32m  OK  [0m] Listening on D-Bus System Message Bus Socket.
         Starting Socket activation for snappy daemon.
[   22.414277] cloud-init[964]: ci-info: +--------+-------+----------------------------+---------------+-------+-------------------+
[   22.692565] cloud-init[964]: ci-info: | enp0s8 | False |             .              |       .       |   .   | 08:00:27:76:42:13 |
[[0;32m  OK  [0m] Started Timer to automatically refresh installed snaps.
[[0;32m  OK  [0m] Listening on UUID daemon activation socket.
[   22.838599] cloud-init[964]: ci-info: | enp0s3 |  True |         10.0.2.15          | 255.255.255.0 |   .   | 02:50:ca:1d:53:f6 |
[   23.100551] cloud-init[964]: ci-info: | enp0s3 |  True | fe80::50:caff:fe1d:53f6/64 |       .       |  link | 02:50:ca:1d:53:f6 |
[[0;32m  OK  [0m] Started Daily Cleanup of Temporary Directories.
[[0;32m  OK  [0m] Listening on ACPID Listen Socket.
[[0;32m  OK  [0m] Started Daily apt activities.
[   23.221836] cloud-init[964]: ci-info: |   lo   |  True |         127.0.0.1          |   255.0.0.0   |   .   |         .         |
[   23.573025] cloud-init[964]: ci-info: |   lo   |  True |          ::1/128           |       .       |  host |         .         |
[[0;32m  OK  [0m] Reached target Timers.
[   23.701842] cloud-init[964]: ci-info: +--------+-------+----------------------------+---------------+-------+-------------------+
[   23.877394] cloud-init[964]: ci-info: +++++++++++++++++++++++++++Route IPv4 info++++++++++++++++++++++++++++
         Starting LXD - unix socket.
[   23.973851] cloud-init[964]: ci-info: +-------+-------------+----------+---------------+-----------+-------+
[   24.100487] cloud-init[964]: ci-info: | Route | Destination | Gateway  |    Genmask    | Interface | Flags |
[   24.188603] cloud-init[964]: ci-info: +-------+-------------+----------+---------------+-----------+-------+
[   24.301092] cloud-init[964]: ci-info: |   0   |   0.0.0.0   | 10.0.2.2 |    0.0.0.0    |   enp0s3  |   UG  |
[[0;32m  OK  [0m] Started ACPI Events Check.
[[0;32m  OK  [0m] Reached target Paths.
[   24.406565] cloud-init[964]: ci-info: |   1   |   10.0.2.0  | 0.0.0.0  | 255.255.255.0 |   enp0s3  |   U   |
[   24.613173] cloud-init[964]: ci-info: +-------+-------------+----------+---------------+-----------+-------+
[[0;32m  OK  [0m] Reached target Cloud-config availability.
[[0;32m  OK  [0m] Reached target Network is Online.
         Starting iSCSI initiator daemon (iscsid)...
[[0;32m  OK  [0m] Listening on Socket activation for snappy daemon.
[   24.733654] cloud-init[964]: Generating public/private rsa key pair.
[   25.068411] cloud-init[964]: Your identification has been saved in /etc/ssh/ssh_host_rsa_key.
[[0;32m  OK  [0m] Listening on LXD - unix socket.
[   25.133869] cloud-init[964]: Your public key has been saved in /etc/ssh/ssh_host_rsa_key.pub.
[   25.300380] cloud-init[964]: The key fingerprint is:
[   25.340284] cloud-init[964]: SHA256:IRrJ27O1CxF+duGBdDlsbIPTcdVd9KHhX+6RR7wMOUE root@ubuntu-xenial
[   25.444682] cloud-init[964]: The key's randomart image is:
[   25.508536] cloud-init[964]: +---[RSA 2048]----+
[[0;32m  OK  [0m] Started iSCSI initiator daemon (iscsid).
[   25.566776] cloud-init[964]: |        .=oooE.+=|
[   25.676349] cloud-init[964]: |   . . .ooX.. =.=|
[   25.716485] cloud-init[964]: |    + o o+oo *  =|
         Starting Login to default iSCSI targets...
[[0;32m  OK  [0m] Reached target Sockets.
[   25.758891] cloud-init[964]: |     * o o o  =o+|
[   25.876574] cloud-init[964]: |    o = S o    *o|
[[0;32m  OK  [0m] Reached target Basic System.
         Starting Apply the settings specified in cloud-config...
[[0;32m  OK  [0m] Started D-Bus System Message Bus.
[   25.925826] cloud-init[964]: |       B o     .o|
         Starting LSB: MD monitoring daemon...
         Starting Pollinate to seed the pseudo random number generator...
         Starting Login Service...
[[0;32m  OK  [0m] Started FUSE filesystem for LXC.
[[0;32m  OK  [0m] Started Regular background program processing daemon.
         Starting Accounts Service...
         Starting System Logging Service...
         Starting LXD - container startup/shutdown...
[   26.151831] cloud-init[964]: |      o .       .|
[[0;32m  OK  [0m] Started ACPI event daemon.
         Starting LSB: Record successful boot for GRUB...
[[0;32m  OK  [0m] Started Deferred execution scheduler.
         Starting /etc/rc.local Compatibility...
[[0;32m  OK  [0m] Started Unattended Upgrades Shutdown.
[   26.483532] cloud-init[964]: |       . .       |
[[0;32m  OK  [0m] Started Snappy daemon.
         Starting Auto import assertions from block devices...
[[0;32m  OK  [0m] Started System Logging Service.
[[0;32m  OK  [0m] Started LXD - container startup/shutdown.
[[0;32m  OK  [0m] Started /etc/rc.local Compatibility.
[[0;32m  OK  [0m] Started Auto import assertions from block devices.
[   26.752930] cloud-init[964]: |        .        |
[   27.044391] cloud-init[964]: +----[SHA256]-----+
[   27.082384] cloud-init[964]: Generating public/private dsa key pair.
[[0;32m  OK  [0m] Started Login to default iSCSI targets.
[   27.132020] cloud-init[964]: Your identification has been saved in /etc/ssh/ssh_host_dsa_key.
[   27.232634] cloud-init[964]: Your public key has been saved in /etc/ssh/ssh_host_dsa_key.pub.
[   27.232697] cloud-init[964]: The key fingerprint is:
[   27.232734] cloud-init[964]: SHA256:O+WzJQOrwjwEdK5u2YQaIMSFrMr8TtCdgKtmk6fIVl8 root@ubuntu-xenial
[   27.232762] cloud-init[964]: The key's randomart image is:
[   27.232788] cloud-init[964]: +---[DSA 1024]----+
[   27.232822] cloud-init[964]: |o o.             |
[   27.232870] cloud-init[964]: | =o .            |
[   27.232907] cloud-init[964]: |oo +             |
[   27.232932] cloud-init[964]: |+ + + .          |
[   27.232958] cloud-init[964]: |*o = o  S .      |
[   27.232987] cloud-init[964]: |+o=.o  E *       |
[   27.233012] cloud-init[964]: |.OoX. . + = .    |
[   27.233038] cloud-init[964]: |*.O.*. . . *     |
[   27.233064] cloud-init[964]: |o+.. o.   .      |
[   27.233090] cloud-init[964]: +----[SHA256]-----+
[   27.233116] cloud-init[964]: Generating public/private ecdsa key pair.
[   27.233141] cloud-init[964]: Your identification has been saved in /etc/ssh/ssh_host_ecdsa_key.
[   27.233186] cloud-init[964]: Your public key has been saved in /etc/ssh/ssh_host_ecdsa_key.pub.
[   27.233235] cloud-init[964]: The key fingerprint is:
[   27.233279] cloud-init[964]: SHA256:bhu9hf2QfQA4g4L51mbwoIxq1TazcMfCmyjRBiIBg/I root@ubuntu-xenial
[   27.233323] cloud-init[964]: The key's randomart image is:
[   27.233370] cloud-init[964]: +---[ECDSA 256]---+
[   27.233416] cloud-init[964]: |*                |
[   27.233464] cloud-init[964]: |oo   o   . .     |
[   27.233506] cloud-init[964]: |+o  o + . + .    |
[   27.233550] cloud-init[964]: |o Eooo.*   o .   |
[   27.233595] cloud-init[964]: | ..=oOooS     .  |
[   27.233642] cloud-init[964]: | .+ =.O+ . o o . |
[   27.233688] cloud-init[964]: |.o . +  + o = . .|
[   27.233738] cloud-init[964]: |. .    . o o o . |
[   27.233778] cloud-init[964]: |        . .   .  |
[   27.233806] cloud-init[964]: +----[SHA256]-----+
[   27.233833] cloud-init[964]: Generating public/private ed25519 key pair.
[   27.233862] cloud-init[964]: Your identification has been saved in /etc/ssh/ssh_host_ed25519_key.
[   27.233900] cloud-init[964]: Your public key has been saved in /etc/ssh/ssh_host_ed25519_key.pub.
[   27.233943] cloud-init[964]: The key fingerprint is:
[   27.233989] cloud-init[964]: SHA256:mHYzCdu/C/2jJwsFUOi08lTjUrhrasmlPKnRKSM7vFM root@ubuntu-xenial
[   27.234037] cloud-init[964]: The key's randomart image is:
[   27.234088] cloud-init[964]: +--[ED25519 256]--+
[   27.234136] cloud-init[964]: |      .+.        |
[   27.234185] cloud-init[964]: |      +.+        |
[   27.234226] cloud-init[964]: |     o.*..       |
[   27.234251] cloud-init[964]: |    . **.o       |
[   27.234277] cloud-init[964]: |     +=oS .      |
[   27.234382] cloud-init[964]: |   E o=. *       |
[   27.234431] cloud-init[964]: |o =ooB  o o      |
[   27.234456] cloud-init[964]: |.= +X    o.oo    |
[   27.234714] cloud-init[964]: |.o+o .    =*..   |
[   27.234743] cloud-init[964]: +----[SHA256]-----+
[[0;32m  OK  [0m] Started LSB: MD monitoring daemon.
[   27.357053] cloud-init[1067]: Generating locales (this might take a while)...
[   29.053664] cloud-init[1067]:   en_US.UTF-8... done
[[0;32m  OK  [0m] Started LSB: Record successful boot for GRUB.
[   29.086436] cloud-init[1067]: Generation complete.
[[0;32m  OK  [0m] Started Login Service.
         Starting Authenticate and Authorize Users to Run Privileged Tasks...
[[0;32m  OK  [0m] Stopped OpenBSD Secure Shell server.
         Starting OpenBSD Secure Shell server...
[[0;32m  OK  [0m] Reached target Remote File Systems (Pre).
[[0;32m  OK  [0m] Reached target Remote File Systems.
         Starting LSB: VirtualBox Linux Additions...
         Starting LSB: Set the CPU Frequency Scaling governor to "ondemand"...
         Starting LSB: automatic crash report generation...
         Starting LSB: daemon to balance interrupts for SMP systems...
         Starting Permit User Sessions...
[[0;32m  OK  [0m] Started OpenBSD Secure Shell server.
[[0;32m  OK  [0m] Started Permit User Sessions.
[[0;32m  OK  [0m] Started Authenticate and Authorize Users to Run Privileged Tasks.
[[0;32m  OK  [0m] Started Accounts Service.
[[0;32m  OK  [0m] Started LSB: Set the CPU Frequency Scaling governor to "ondemand".
[[0;32m  OK  [0m] Started LSB: VirtualBox Linux Additions.
[[0;32m  OK  [0m] Started Pollinate to seed the pseudo random number generator.
[[0;32m  OK  [0m] Started Apply the settings specified in cloud-config.
[   30.094444] cloud-init[1067]: Cloud-init v. 0.7.9 running 'modules:config' at Sun, 21 May 2017 13:38:14 +0000. Up 27.10 seconds.
[[0;32m  OK  [0m] Started LSB: automatic crash report generation.
[[0;32m  OK  [0m] Started LSB: daemon to balance interrupts for SMP systems.
[[0;32m  OK  [0m] Created slice User Slice of ubuntu.
         Starting User Manager for UID 1000...
[[0;32m  OK  [0m] Started Session 1 of user ubuntu.
         Starting Hold until boot process finishes up...
         Starting Terminate Plymouth Boot Screen...
[[0;32m  OK  [0m] Started User Manager for UID 1000.
[[0;32m  OK  [0m] Started Hold until boot process finishes up.
[[0;32m  OK  [0m] Started Terminate Plymouth Boot Screen.
[[0;32m  OK  [0m] Started Getty on tty1.
         Starting Set console scheme...
[[0;32m  OK  [0m] Started Serial Getty on ttyS0.
[[0;32m  OK  [0m] Reached target Login Prompts.
[[0;32m  OK  [0m] Reached target Multi-User System.
[[0;32m  OK  [0m] Reached target Graphical Interface.
         Starting Update UTMP about System Runlevel Changes...
         Starting Execute cloud user/final scripts...
[[0;32m  OK  [0m] Started Set console scheme.
[[0;32m  OK  [0m] Started Update UTMP about System Runlevel Changes.
ci-info: no authorized ssh keys fingerprints found for user ubuntu.
<14>May 21 13:38:19 ec2: 
<14>May 21 13:38:19 ec2: #############################################################
<14>May 21 13:38:19 ec2: -----BEGIN SSH HOST KEY FINGERPRINTS-----
<14>May 21 13:38:19 ec2: 1024 SHA256:O+WzJQOrwjwEdK5u2YQaIMSFrMr8TtCdgKtmk6fIVl8 root@ubuntu-xenial (DSA)
<14>May 21 13:38:19 ec2: 256 SHA256:bhu9hf2QfQA4g4L51mbwoIxq1TazcMfCmyjRBiIBg/I root@ubuntu-xenial (ECDSA)
<14>May 21 13:38:19 ec2: 256 SHA256:mHYzCdu/C/2jJwsFUOi08lTjUrhrasmlPKnRKSM7vFM root@ubuntu-xenial (ED25519)
<14>May 21 13:38:19 ec2: 2048 SHA256:IRrJ27O1CxF+duGBdDlsbIPTcdVd9KHhX+6RR7wMOUE root@ubuntu-xenial (RSA)
<14>May 21 13:38:19 ec2: -----END SSH HOST KEY FINGERPRINTS-----
<14>May 21 13:38:19 ec2: #############################################################
-----BEGIN SSH HOST KEY KEYS-----
ecdsa-sha2-nistp256 AAAAE2VjZHNhLXNoYTItbmlzdHAyNTYAAAAIbmlzdHAyNTYAAABBBMtrrb3rQ8IsZJZkBWbWcgTkd4kAZsKXApPScdnbB1wFz+vYCPj2rXbs9lom8oyKIv4q1/WtJaT5Ojitb8z41h0= root@ubuntu-xenial
ssh-ed25519 AAAAC3NzaC1lZDI1NTE5AAAAIECQXxYCLtHP3fLdO5V2UDGM0h2Ov2SJP5sElQkGkzTW root@ubuntu-xenial
ssh-rsa AAAAB3NzaC1yc2EAAAADAQABAAABAQDJb6SKBdz0AJ2iBzHq7a931oYj3AuIyhVk79HjWMXpXANJzjlIV1fPiZa0/uNOBsK9PS3L5MBTR6Nv/hTr/nBHunWXgUfEPKxYpr0yf/kF9n8KXPJfsxktnCaogettCq7iL5s5fHlXLd/TxSj3HWMzGzPj/dX4lOBoUbcvlIWV3fHqqMh8GuX7fCSbH5D4j293Iw58OkwyFcS7Wx2qMCYMB9/ZuJQbP57WxCuIHoQOoPnvJqqZG9otLqsoQcIOomE1k3AQfbzDVuue7yFlNmoR5kNGwbVUt1nb6Bq/mtXHGG8vUBdkdqs487yvgZpLdIJFNpGcbQ6JGnFF+JsuNzuL root@ubuntu-xenial
-----END SSH HOST KEY KEYS-----
[   33.321224] cloud-init[1362]: Cloud-init v. 0.7.9 running 'modules:final' at Sun, 21 May 2017 13:38:18 +0000. Up 31.63 seconds.
[   33.408985] cloud-init[1362]: ci-info: no authorized ssh keys fingerprints found for user ubuntu.
[   33.480331] cloud-init[1362]: Cloud-init v. 0.7.9 finished at Sun, 21 May 2017 13:38:20 +0000. Datasource DataSourceNoCloud [seed=/dev/sdb][dsmode=net].  Up 33.25 seconds
[[0;32m  OK  [0m] Started Execute cloud user/final scripts.
[[0;32m  OK  [0m] Started Session 2 of user ubuntu.
[[0;32m  OK  [0m] Reached target Cloud-init target.

Ubuntu 16.04.2 LTS k8s-env ttyS0

k8s-env login: 